<?xml version="1.0" encoding="UTF-8"?>
<!-- Generated by org.testng.reporters.JUnitReportReporter -->
<testsuite hostname="saurav_041" failures="0" tests="3" name="com.emicalculator.runners.TestNGRunner" time="32.907" errors="0" timestamp="2025-03-18T18:50:54 IST" skipped="0">
  <testcase classname="com.emicalculator.runners.TestNGRunner" name="runScenario" time="13.806"/>
  <testcase classname="com.emicalculator.runners.TestNGRunner" name="runScenario" time="9.347"/>
  <testcase classname="com.emicalculator.runners.TestNGRunner" name="runScenario" time="9.754"/>
</testsuite> <!-- com.emicalculator.runners.TestNGRunner -->
